# JRE version: OpenJDK Runtime Environment (11.0.12+7) (build 11.0.12+7-b1504.28-7817840)
# Java VM: OpenJDK 64-Bit Server VM (11.0.12+7-b1504.28-7817840, mixed mode, tiered, compressed oops, g1 gc, windows-amd64)
Heap:
 garbage-first heap   total 303104K, used 230983K [0x0000000080000000, 0x0000000100000000)
  region size 1024K, 10 young (10240K), 1 survivors (1024K)
 Metaspace       used 224980K, capacity 230193K, committed 230652K, reserved 1249280K
  class space    used 28029K, capacity 29951K, committed 30080K, reserved 1048576K
GC Heap History (20 events):
Event: 3524.026 GC heap before
{Heap before GC invocations=108 (full 0):
 garbage-first heap   total 303104K, used 257696K [0x0000000080000000, 0x0000000100000000)
  region size 1024K, 34 young (34816K), 5 survivors (5120K)
 Metaspace       used 218660K, capacity 223613K, committed 224252K, reserved 1245184K
  class space    used 27526K, capacity 29394K, committed 29568K, reserved 1048576K
}
Event: 3524.052 GC heap after
{Heap after GC invocations=109 (full 0):
 garbage-first heap   total 303104K, used 233152K [0x0000000080000000, 0x0000000100000000)
  region size 1024K, 5 young (5120K), 5 survivors (5120K)
 Metaspace       used 218660K, capacity 223613K, committed 224252K, reserved 1245184K
  class space    used 27526K, capacity 29394K, committed 29568K, reserved 1048576K
}
Event: 3524.292 GC heap before
{Heap before GC invocations=109 (full 0):
 garbage-first heap   total 303104K, used 241344K [0x0000000080000000, 0x0000000100000000)
  region size 1024K, 14 young (14336K), 5 survivors (5120K)
 Metaspace       used 218702K, capacity 223677K, committed 224508K, reserved 1245184K
  class space    used 27526K, capacity 29394K, committed 29568K, reserved 1048576K
}
Event: 3524.323 GC heap after
{Heap after GC invocations=110 (full 0):
 garbage-first heap   total 303104K, used 218609K [0x0000000080000000, 0x0000000100000000)
  region size 1024K, 1 young (1024K), 1 survivors (1024K)
 Metaspace       used 218702K, capacity 223677K, committed 224508K, reserved 1245184K
  class space    used 27526K, capacity 29394K, committed 29568K, reserved 1048576K
}
Event: 3525.353 GC heap before
{Heap before GC invocations=110 (full 0):
 garbage-first heap   total 303104K, used 251377K [0x0000000080000000, 0x0000000100000000)
  region size 1024K, 33 young (33792K), 1 survivors (1024K)
 Metaspace       used 219685K, capacity 224647K, committed 225404K, reserved 1245184K
  class space    used 27638K, capacity 29501K, committed 29696K, reserved 1048576K
}
Event: 3525.366 GC heap after
{Heap after GC invocations=111 (full 0):
 garbage-first heap   total 303104K, used 221249K [0x0000000080000000, 0x0000000100000000)
  region size 1024K, 4 young (4096K), 4 survivors (4096K)
 Metaspace       used 219685K, capacity 224647K, committed 225404K, reserved 1245184K
  class space    used 27638K, capacity 29501K, committed 29696K, reserved 1048576K
}
Event: 3530.500 GC heap before
{Heap before GC invocations=112 (full 0):
 garbage-first heap   total 303104K, used 250945K [0x0000000080000000, 0x0000000100000000)
  region size 1024K, 36 young (36864K), 4 survivors (4096K)
 Metaspace       used 220516K, capacity 225557K, committed 225916K, reserved 1245184K
  class space    used 27747K, capacity 29636K, committed 29696K, reserved 1048576K
}
Event: 3530.523 GC heap after
{Heap after GC invocations=113 (full 0):
 garbage-first heap   total 303104K, used 226304K [0x0000000080000000, 0x0000000100000000)
  region size 1024K, 5 young (5120K), 5 survivors (5120K)
 Metaspace       used 220516K, capacity 225557K, committed 225916K, reserved 1245184K
  class space    used 27747K, capacity 29636K, committed 29696K, reserved 1048576K
}
Event: 3530.740 GC heap before
{Heap before GC invocations=113 (full 0):
 garbage-first heap   total 303104K, used 234496K [0x0000000080000000, 0x0000000100000000)
  region size 1024K, 14 young (14336K), 5 survivors (5120K)
 Metaspace       used 220710K, capacity 225823K, committed 226300K, reserved 1245184K
  class space    used 27770K, capacity 29679K, committed 29824K, reserved 1048576K
}
Event: 3530.764 GC heap after
{Heap after GC invocations=114 (full 0):
 garbage-first heap   total 303104K, used 217547K [0x0000000080000000, 0x0000000100000000)
  region size 1024K, 1 young (1024K), 1 survivors (1024K)
 Metaspace       used 220710K, capacity 225823K, committed 226300K, reserved 1245184K
  class space    used 27770K, capacity 29679K, committed 29824K, reserved 1048576K
}
Event: 3530.970 GC heap before
{Heap before GC invocations=114 (full 0):
 garbage-first heap   total 303104K, used 220619K [0x0000000080000000, 0x0000000100000000)
  region size 1024K, 6 young (6144K), 1 survivors (1024K)
 Metaspace       used 221515K, capacity 226585K, committed 227068K, reserved 1247232K
  class space    used 27827K, capacity 29717K, committed 29824K, reserved 1048576K
}
Event: 3530.979 GC heap after
{Heap after GC invocations=115 (full 0):
 garbage-first heap   total 303104K, used 218133K [0x0000000080000000, 0x0000000100000000)
  region size 1024K, 2 young (2048K), 2 survivors (2048K)
 Metaspace       used 221515K, capacity 226585K, committed 227068K, reserved 1247232K
  class space    used 27827K, capacity 29717K, committed 29824K, reserved 1048576K
}
Event: 3532.045 GC heap before
{Heap before GC invocations=116 (full 0):
 garbage-first heap   total 303104K, used 254997K [0x0000000080000000, 0x0000000100000000)
  region size 1024K, 32 young (32768K), 2 survivors (2048K)
 Metaspace       used 222609K, capacity 227764K, committed 228092K, reserved 1247232K
  class space    used 27870K, capacity 29789K, committed 29824K, reserved 1048576K
}
Event: 3532.064 GC heap after
{Heap after GC invocations=117 (full 0):
 garbage-first heap   total 303104K, used 226982K [0x0000000080000000, 0x0000000100000000)
  region size 1024K, 4 young (4096K), 4 survivors (4096K)
 Metaspace       used 222609K, capacity 227764K, committed 228092K, reserved 1247232K
  class space    used 27870K, capacity 29789K, committed 29824K, reserved 1048576K
}
Event: 3532.285 GC heap before
{Heap before GC invocations=117 (full 0):
 garbage-first heap   total 303104K, used 237222K [0x0000000080000000, 0x0000000100000000)
  region size 1024K, 14 young (14336K), 4 survivors (4096K)
 Metaspace       used 222631K, capacity 227764K, committed 228092K, reserved 1247232K
  class space    used 27870K, capacity 29789K, committed 29824K, reserved 1048576K
}
Event: 3532.305 GC heap after
{Heap after GC invocations=118 (full 0):
 garbage-first heap   total 303104K, used 227254K [0x0000000080000000, 0x0000000100000000)
  region size 1024K, 2 young (2048K), 2 survivors (2048K)
 Metaspace       used 222631K, capacity 227764K, committed 228092K, reserved 1247232K
  class space    used 27870K, capacity 29789K, committed 29824K, reserved 1048576K
}
Event: 3532.440 GC heap before
{Heap before GC invocations=118 (full 0):
 garbage-first heap   total 303104K, used 232374K [0x0000000080000000, 0x0000000100000000)
  region size 1024K, 9 young (9216K), 2 survivors (2048K)
 Metaspace       used 223876K, capacity 229044K, committed 229244K, reserved 1249280K
  class space    used 27990K, capacity 29917K, committed 29952K, reserved 1048576K
}
Event: 3532.448 GC heap after
{Heap after GC invocations=119 (full 0):
 garbage-first heap   total 303104K, used 227944K [0x0000000080000000, 0x0000000100000000)
  region size 1024K, 3 young (3072K), 3 survivors (3072K)
 Metaspace       used 223876K, capacity 229044K, committed 229244K, reserved 1249280K
  class space    used 27990K, capacity 29917K, committed 29952K, reserved 1048576K
}
Event: 3544.276 GC heap before
{Heap before GC invocations=120 (full 0):
 garbage-first heap   total 303104K, used 244328K [0x0000000080000000, 0x0000000100000000)
  region size 1024K, 23 young (23552K), 3 survivors (3072K)
 Metaspace       used 224914K, capacity 230192K, committed 230652K, reserved 1249280K
  class space    used 28021K, capacity 29951K, committed 30080K, reserved 1048576K
}
Event: 3544.287 GC heap after
{Heap after GC invocations=121 (full 0):
 garbage-first heap   total 303104K, used 223815K [0x0000000080000000, 0x0000000100000000)
  region size 1024K, 1 young (1024K), 1 survivors (1024K)
 Metaspace       used 224914K, capacity 230192K, committed 230652K, reserved 1249280K
  class space    used 28021K, capacity 29951K, committed 30080K, reserved 1048576K
}

