# JRE version: OpenJDK Runtime Environment (11.0.12+7) (build 11.0.12+7-b1504.28-7817840)
# Java VM: OpenJDK 64-Bit Server VM (11.0.12+7-b1504.28-7817840, mixed mode, tiered, compressed oops, g1 gc, windows-amd64)
Heap:
 garbage-first heap   total 478208K, used 333777K [0x0000000080000000, 0x0000000100000000)
  region size 1024K, 141 young (144384K), 2 survivors (2048K)
 Metaspace       used 302388K, capacity 310570K, committed 311372K, reserved 1320960K
  class space    used 36669K, capacity 39648K, committed 39756K, reserved 1048576K
GC Heap History (20 events):
Event: 20218.312 GC heap before
{Heap before GC invocations=218 (full 1):
 garbage-first heap   total 478208K, used 210364K [0x0000000080000000, 0x0000000100000000)
  region size 1024K, 23 young (23552K), 15 survivors (15360K)
 Metaspace       used 302718K, capacity 310960K, committed 311244K, reserved 1320960K
  class space    used 36628K, capacity 39587K, committed 39628K, reserved 1048576K
}
Event: 20218.337 GC heap after
{Heap after GC invocations=219 (full 1):
 garbage-first heap   total 478208K, used 204256K [0x0000000080000000, 0x0000000100000000)
  region size 1024K, 3 young (3072K), 3 survivors (3072K)
 Metaspace       used 302718K, capacity 310960K, committed 311244K, reserved 1320960K
  class space    used 36628K, capacity 39587K, committed 39628K, reserved 1048576K
}
Event: 20218.461 GC heap before
{Heap before GC invocations=219 (full 1):
 garbage-first heap   total 478208K, used 217568K [0x0000000080000000, 0x0000000100000000)
  region size 1024K, 17 young (17408K), 3 survivors (3072K)
 Metaspace       used 302727K, capacity 310966K, committed 311244K, reserved 1320960K
  class space    used 36629K, capacity 39588K, committed 39628K, reserved 1048576K
}
Event: 20218.474 GC heap after
{Heap after GC invocations=220 (full 1):
 garbage-first heap   total 478208K, used 204188K [0x0000000080000000, 0x0000000100000000)
  region size 1024K, 3 young (3072K), 3 survivors (3072K)
 Metaspace       used 302727K, capacity 310966K, committed 311244K, reserved 1320960K
  class space    used 36629K, capacity 39588K, committed 39628K, reserved 1048576K
}
Event: 20347.975 GC heap before
{Heap before GC invocations=221 (full 1):
 garbage-first heap   total 478208K, used 380316K [0x0000000080000000, 0x0000000100000000)
  region size 1024K, 158 young (161792K), 3 survivors (3072K)
 Metaspace       used 300688K, capacity 308800K, committed 311244K, reserved 1320960K
  class space    used 36480K, capacity 39420K, committed 39628K, reserved 1048576K
}
Event: 20347.983 GC heap after
{Heap after GC invocations=222 (full 1):
 garbage-first heap   total 478208K, used 204793K [0x0000000080000000, 0x0000000100000000)
  region size 1024K, 4 young (4096K), 4 survivors (4096K)
 Metaspace       used 300688K, capacity 308800K, committed 311244K, reserved 1320960K
  class space    used 36480K, capacity 39420K, committed 39628K, reserved 1048576K
}
Event: 20348.453 GC heap before
{Heap before GC invocations=222 (full 1):
 garbage-first heap   total 478208K, used 223225K [0x0000000080000000, 0x0000000100000000)
  region size 1024K, 23 young (23552K), 4 survivors (4096K)
 Metaspace       used 300704K, capacity 308802K, committed 311244K, reserved 1320960K
  class space    used 36480K, capacity 39420K, committed 39628K, reserved 1048576K
}
Event: 20348.467 GC heap after
{Heap after GC invocations=223 (full 1):
 garbage-first heap   total 478208K, used 180711K [0x0000000080000000, 0x0000000100000000)
  region size 1024K, 3 young (3072K), 3 survivors (3072K)
 Metaspace       used 300704K, capacity 308802K, committed 311244K, reserved 1320960K
  class space    used 36480K, capacity 39420K, committed 39628K, reserved 1048576K
}
Event: 20348.779 GC heap before
{Heap before GC invocations=223 (full 1):
 garbage-first heap   total 478208K, used 238055K [0x0000000080000000, 0x0000000100000000)
  region size 1024K, 60 young (61440K), 3 survivors (3072K)
 Metaspace       used 300728K, capacity 308866K, committed 311244K, reserved 1320960K
  class space    used 36480K, capacity 39420K, committed 39628K, reserved 1048576K
}
Event: 20348.801 GC heap after
{Heap after GC invocations=224 (full 1):
 garbage-first heap   total 478208K, used 185829K [0x0000000080000000, 0x0000000100000000)
  region size 1024K, 8 young (8192K), 8 survivors (8192K)
 Metaspace       used 300728K, capacity 308866K, committed 311244K, reserved 1320960K
  class space    used 36480K, capacity 39420K, committed 39628K, reserved 1048576K
}
Event: 20439.576 GC heap before
{Heap before GC invocations=225 (full 1):
 garbage-first heap   total 478208K, used 370149K [0x0000000080000000, 0x0000000100000000)
  region size 1024K, 170 young (174080K), 8 survivors (8192K)
 Metaspace       used 300806K, capacity 308896K, committed 311244K, reserved 1320960K
  class space    used 36485K, capacity 39425K, committed 39628K, reserved 1048576K
}
Event: 20439.596 GC heap after
{Heap after GC invocations=226 (full 1):
 garbage-first heap   total 478208K, used 184807K [0x0000000080000000, 0x0000000100000000)
  region size 1024K, 7 young (7168K), 7 survivors (7168K)
 Metaspace       used 300806K, capacity 308896K, committed 311244K, reserved 1320960K
  class space    used 36485K, capacity 39425K, committed 39628K, reserved 1048576K
}
Event: 20439.695 GC heap before
{Heap before GC invocations=226 (full 1):
 garbage-first heap   total 478208K, used 200167K [0x0000000080000000, 0x0000000100000000)
  region size 1024K, 23 young (23552K), 7 survivors (7168K)
 Metaspace       used 300808K, capacity 308896K, committed 311244K, reserved 1320960K
  class space    used 36485K, capacity 39425K, committed 39628K, reserved 1048576K
}
Event: 20439.711 GC heap after
{Heap after GC invocations=227 (full 1):
 garbage-first heap   total 478208K, used 181541K [0x0000000080000000, 0x0000000100000000)
  region size 1024K, 3 young (3072K), 3 survivors (3072K)
 Metaspace       used 300808K, capacity 308896K, committed 311244K, reserved 1320960K
  class space    used 36485K, capacity 39425K, committed 39628K, reserved 1048576K
}
Event: 20440.829 GC heap before
{Heap before GC invocations=227 (full 1):
 garbage-first heap   total 478208K, used 260389K [0x0000000080000000, 0x0000000100000000)
  region size 1024K, 82 young (83968K), 3 survivors (3072K)
 Metaspace       used 301726K, capacity 309828K, committed 311244K, reserved 1320960K
  class space    used 36591K, capacity 39542K, committed 39628K, reserved 1048576K
}
Event: 20440.846 GC heap after
{Heap after GC invocations=228 (full 1):
 garbage-first heap   total 478208K, used 183849K [0x0000000080000000, 0x0000000100000000)
  region size 1024K, 5 young (5120K), 5 survivors (5120K)
 Metaspace       used 301726K, capacity 309828K, committed 311244K, reserved 1320960K
  class space    used 36591K, capacity 39542K, committed 39628K, reserved 1048576K
}
Event: 20442.428 GC heap before
{Heap before GC invocations=229 (full 1):
 garbage-first heap   total 478208K, used 359977K [0x0000000080000000, 0x0000000100000000)
  region size 1024K, 182 young (186368K), 5 survivors (5120K)
 Metaspace       used 302238K, capacity 310408K, committed 311372K, reserved 1320960K
  class space    used 36661K, capacity 39637K, committed 39756K, reserved 1048576K
}
Event: 20442.465 GC heap after
{Heap after GC invocations=230 (full 1):
 garbage-first heap   total 478208K, used 199791K [0x0000000080000000, 0x0000000100000000)
  region size 1024K, 23 young (23552K), 23 survivors (23552K)
 Metaspace       used 302238K, capacity 310408K, committed 311372K, reserved 1320960K
  class space    used 36661K, capacity 39637K, committed 39756K, reserved 1048576K
}
Event: 20442.469 GC heap before
{Heap before GC invocations=230 (full 1):
 garbage-first heap   total 478208K, used 200815K [0x0000000080000000, 0x0000000100000000)
  region size 1024K, 24 young (24576K), 23 survivors (23552K)
 Metaspace       used 302238K, capacity 310408K, committed 311372K, reserved 1320960K
  class space    used 36661K, capacity 39637K, committed 39756K, reserved 1048576K
}
Event: 20442.496 GC heap after
{Heap after GC invocations=231 (full 1):
 garbage-first heap   total 478208K, used 192465K [0x0000000080000000, 0x0000000100000000)
  region size 1024K, 2 young (2048K), 2 survivors (2048K)
 Metaspace       used 302238K, capacity 310408K, committed 311372K, reserved 1320960K
  class space    used 36661K, capacity 39637K, committed 39756K, reserved 1048576K
}

