# JRE version: OpenJDK Runtime Environment (11.0.12+7) (build 11.0.12+7-b1504.28-7817840)
# Java VM: OpenJDK 64-Bit Server VM (11.0.12+7-b1504.28-7817840, mixed mode, tiered, compressed oops, g1 gc, windows-amd64)
Heap:
 garbage-first heap   total 286720K, used 63811K [0x0000000741600000, 0x0000000800000000)
  region size 1024K, 8 young (8192K), 8 survivors (8192K)
 Metaspace       used 78956K, capacity 79872K, committed 80032K, reserved 1120256K
  class space    used 8750K, capacity 9132K, committed 9204K, reserved 1048576K
GC Heap History (19 events):
Event: 0.542 GC heap before
{Heap before GC invocations=0 (full 0):
 garbage-first heap   total 196608K, used 17408K [0x0000000741600000, 0x0000000800000000)
  region size 1024K, 14 young (14336K), 0 survivors (0K)
 Metaspace       used 9835K, capacity 10002K, committed 10112K, reserved 1058816K
  class space    used 842K, capacity 885K, committed 896K, reserved 1048576K
}
Event: 0.545 GC heap after
{Heap after GC invocations=1 (full 0):
 garbage-first heap   total 196608K, used 5476K [0x0000000741600000, 0x0000000800000000)
  region size 1024K, 2 young (2048K), 2 survivors (2048K)
 Metaspace       used 9835K, capacity 10002K, committed 10112K, reserved 1058816K
  class space    used 842K, capacity 885K, committed 896K, reserved 1048576K
}
Event: 1.537 GC heap before
{Heap before GC invocations=1 (full 0):
 garbage-first heap   total 196608K, used 50532K [0x0000000741600000, 0x0000000800000000)
  region size 1024K, 47 young (48128K), 2 survivors (2048K)
 Metaspace       used 20784K, capacity 21064K, committed 21248K, reserved 1069056K
  class space    used 2204K, capacity 2282K, committed 2304K, reserved 1048576K
}
Event: 1.551 GC heap after
{Heap after GC invocations=2 (full 0):
 garbage-first heap   total 196608K, used 9183K [0x0000000741600000, 0x0000000800000000)
  region size 1024K, 6 young (6144K), 6 survivors (6144K)
 Metaspace       used 20784K, capacity 21064K, committed 21248K, reserved 1069056K
  class space    used 2204K, capacity 2282K, committed 2304K, reserved 1048576K
}
Event: 2.732 GC heap before
{Heap before GC invocations=3 (full 0):
 garbage-first heap   total 196608K, used 60383K [0x0000000741600000, 0x0000000800000000)
  region size 1024K, 51 young (52224K), 6 survivors (6144K)
 Metaspace       used 32088K, capacity 32558K, committed 32768K, reserved 1077248K
  class space    used 3858K, capacity 4062K, committed 4096K, reserved 1048576K
}
Event: 2.752 GC heap after
{Heap after GC invocations=4 (full 0):
 garbage-first heap   total 196608K, used 19871K [0x0000000741600000, 0x0000000800000000)
  region size 1024K, 6 young (6144K), 6 survivors (6144K)
 Metaspace       used 32088K, capacity 32558K, committed 32768K, reserved 1077248K
  class space    used 3858K, capacity 4062K, committed 4096K, reserved 1048576K
}
Event: 3.052 GC heap before
{Heap before GC invocations=4 (full 0):
 garbage-first heap   total 196608K, used 34207K [0x0000000741600000, 0x0000000800000000)
  region size 1024K, 21 young (21504K), 6 survivors (6144K)
 Metaspace       used 34999K, capacity 35420K, committed 35628K, reserved 1081344K
  class space    used 4408K, capacity 4610K, committed 4736K, reserved 1048576K
}
Event: 3.063 GC heap after
{Heap after GC invocations=5 (full 0):
 garbage-first heap   total 196608K, used 22145K [0x0000000741600000, 0x0000000800000000)
  region size 1024K, 3 young (3072K), 3 survivors (3072K)
 Metaspace       used 34999K, capacity 35420K, committed 35628K, reserved 1081344K
  class space    used 4408K, capacity 4610K, committed 4736K, reserved 1048576K
}
Event: 4.538 GC heap before
{Heap before GC invocations=6 (full 0):
 garbage-first heap   total 196608K, used 80513K [0x0000000741600000, 0x0000000800000000)
  region size 1024K, 60 young (61440K), 3 survivors (3072K)
 Metaspace       used 46755K, capacity 47337K, committed 47532K, reserved 1091584K
  class space    used 5568K, capacity 5780K, committed 5888K, reserved 1048576K
}
Event: 4.554 GC heap after
{Heap after GC invocations=7 (full 0):
 garbage-first heap   total 236544K, used 25573K [0x0000000741600000, 0x0000000800000000)
  region size 1024K, 8 young (8192K), 8 survivors (8192K)
 Metaspace       used 46755K, capacity 47337K, committed 47532K, reserved 1091584K
  class space    used 5568K, capacity 5780K, committed 5888K, reserved 1048576K
}
Event: 7.757 GC heap before
{Heap before GC invocations=7 (full 0):
 garbage-first heap   total 236544K, used 161765K [0x0000000741600000, 0x0000000800000000)
  region size 1024K, 138 young (141312K), 8 survivors (8192K)
 Metaspace       used 57842K, capacity 58598K, committed 58924K, reserved 1101824K
  class space    used 6627K, capacity 6916K, committed 7040K, reserved 1048576K
}
Event: 7.801 GC heap after
{Heap after GC invocations=8 (full 0):
 garbage-first heap   total 236544K, used 44715K [0x0000000741600000, 0x0000000800000000)
  region size 1024K, 18 young (18432K), 18 survivors (18432K)
 Metaspace       used 57842K, capacity 58598K, committed 58924K, reserved 1101824K
  class space    used 6627K, capacity 6916K, committed 7040K, reserved 1048576K
}
Event: 8.082 GC heap before
{Heap before GC invocations=8 (full 0):
 garbage-first heap   total 236544K, used 51883K [0x0000000741600000, 0x0000000800000000)
  region size 1024K, 25 young (25600K), 18 survivors (18432K)
 Metaspace       used 58360K, capacity 59071K, committed 59180K, reserved 1101824K
  class space    used 6687K, capacity 6988K, committed 7040K, reserved 1048576K
}
Event: 8.118 GC heap after
{Heap after GC invocations=9 (full 0):
 garbage-first heap   total 236544K, used 47656K [0x0000000741600000, 0x0000000800000000)
  region size 1024K, 3 young (3072K), 3 survivors (3072K)
 Metaspace       used 58360K, capacity 59071K, committed 59180K, reserved 1101824K
  class space    used 6687K, capacity 6988K, committed 7040K, reserved 1048576K
}
Event: 8.330 GC heap before
{Heap before GC invocations=9 (full 0):
 garbage-first heap   total 236544K, used 56872K [0x0000000741600000, 0x0000000800000000)
  region size 1024K, 13 young (13312K), 3 survivors (3072K)
 Metaspace       used 58992K, capacity 59649K, committed 59808K, reserved 1101824K
  class space    used 6769K, capacity 7052K, committed 7156K, reserved 1048576K
}
Event: 8.339 GC heap after
{Heap after GC invocations=10 (full 0):
 garbage-first heap   total 236544K, used 48168K [0x0000000741600000, 0x0000000800000000)
  region size 1024K, 3 young (3072K), 3 survivors (3072K)
 Metaspace       used 58992K, capacity 59649K, committed 59808K, reserved 1101824K
  class space    used 6769K, capacity 7052K, committed 7156K, reserved 1048576K
}
Event: 11.892 GC heap before
{Heap before GC invocations=11 (full 0):
 garbage-first heap   total 236544K, used 120872K [0x0000000741600000, 0x0000000800000000)
  region size 1024K, 74 young (75776K), 3 survivors (3072K)
 Metaspace       used 67564K, capacity 68441K, committed 68640K, reserved 1110016K
  class space    used 7634K, capacity 7982K, committed 8052K, reserved 1048576K
}
Event: 11.912 GC heap after
{Heap after GC invocations=12 (full 0):
 garbage-first heap   total 236544K, used 56076K [0x0000000741600000, 0x0000000800000000)
  region size 1024K, 10 young (10240K), 10 survivors (10240K)
 Metaspace       used 67564K, capacity 68441K, committed 68640K, reserved 1110016K
  class space    used 7634K, capacity 7982K, committed 8052K, reserved 1048576K
}
Event: 14.701 GC heap before
{Heap before GC invocations=13 (full 0):
 garbage-first heap   total 236544K, used 134924K [0x0000000741600000, 0x0000000800000000)
  region size 1024K, 87 young (89088K), 10 survivors (10240K)
 Metaspace       used 78956K, capacity 79872K, committed 80032K, reserved 1120256K
  class space    used 8750K, capacity 9132K, committed 9204K, reserved 1048576K
}

